{
  "0 debug pnpm:scope": {
    "selected": 1
  },
  "1 debug pnpm:package-manifest": {
    "initial": {
      "name": "desktop",
      "version": "1.0.0",
      "description": "",
      "main": "cli.js",
      "bin": "cli.js",
      "scripts": {
        "test": "echo \"Error: no test specified\" && exit 1"
      },
      "keywords": [],
      "author": "",
      "license": "ISC"
    },
    "prefix": "E:\\Desktop\\my-node-cli"
  },
  "2 debug pnpm:context": {
    "currentLockfileExists": false,
    "storeDir": "E:\\.pnpm-store\\v3",
    "virtualStoreDir": "E:\\Desktop\\my-node-cli\\node_modules\\.pnpm"
  },
  "3 debug pnpm:stage": {
    "prefix": "E:\\Desktop\\my-node-cli",
    "stage": "resolution_started"
  },
  "4 debug pnpm:request-retry": {
    "attempt": 1,
    "error": {
      "message": "request to https://registry.npm.taobao.org/inquirer.js failed, reason: getaddrinfo ENOTFOUND registry.npm.taobao.org",
      "type": "system",
      "errno": "ENOTFOUND",
      "code": "ENOTFOUND"
    },
    "maxRetries": 2,
    "method": "GET",
    "timeout": 10000,
    "url": "https://registry.npm.taobao.org/inquirer.js"
  },
  "5 debug pnpm:request-retry": {
    "attempt": 2,
    "error": {
      "message": "request to https://registry.npm.taobao.org/inquirer.js failed, reason: getaddrinfo ENOTFOUND registry.npm.taobao.org",
      "type": "system",
      "errno": "ENOTFOUND",
      "code": "ENOTFOUND"
    },
    "maxRetries": 2,
    "method": "GET",
    "timeout": 60000,
    "url": "https://registry.npm.taobao.org/inquirer.js"
  },
  "6 error pnpm": {
    "code": "ERR_PNPM_META_FETCH_FAIL",
    "attempts": 1,
    "pkgsStack": [],
    "err": {
      "name": "Error",
      "message": "GET https://registry.npm.taobao.org/inquirer.js: request to https://registry.npm.taobao.org/inquirer.js failed, reason: getaddrinfo ENOTFOUND registry.npm.taobao.org",
      "code": "ERR_PNPM_META_FETCH_FAIL",
      "stack": "Error: GET https://registry.npm.taobao.org/inquirer.js: request to https://registry.npm.taobao.org/inquirer.js failed, reason: getaddrinfo ENOTFOUND registry.npm.taobao.org\n    at RetryOperation._fn (C:\\Users\\guangzan\\AppData\\Roaming\\npm\\node_modules\\pnpm\\dist\\pnpm.cjs:85121:18)\n    at processTicksAndRejections (node:internal/process/task_queues:96:5)"
    }
  }
}